0 info it worked if it ends with ok
1 verbose cli [ 'D:\\Prog\\nodejs\\node.exe',
1 verbose cli   'D:\\Prog\\nodejs\\node_modules\\npm\\bin\\npm-cli.js',
1 verbose cli   'run-script',
1 verbose cli   'webpack:dev' ]
2 info using npm@3.10.8
3 info using node@v6.9.1
4 verbose run-script [ 'prewebpack:dev', 'webpack:dev', 'postwebpack:dev' ]
5 info lifecycle teaflo@0.0.1~prewebpack:dev: teaflo@0.0.1
6 silly lifecycle teaflo@0.0.1~prewebpack:dev: no script for prewebpack:dev, continuing
7 info lifecycle teaflo@0.0.1~webpack:dev: teaflo@0.0.1
8 verbose lifecycle teaflo@0.0.1~webpack:dev: unsafe-perm in lifecycle true
9 verbose lifecycle teaflo@0.0.1~webpack:dev: PATH: D:\Prog\nodejs\node_modules\npm\bin\node-gyp-bin;D:\Progs\teaflo\node_modules\.bin;C:\Program Files\Docker\Docker\Resources\bin;c:\programdata\oracle\java\javapath;c:\windows\system32;c:\windows;c:\windows\system32\wbem;c:\windows\system32\windowspowershell\v1.0\;C:\WINDOWS\system32;C:\WINDOWS;C:\WINDOWS\System32\Wbem;C:\WINDOWS\System32\WindowsPowerShell\v1.0\;C:\Program Files\Git\cmd;C:\Program Files (x86)\sbt\\bin;D:\Prog\nodejs\;C:\WINDOWS\system32;C:\WINDOWS;C:\WINDOWS\System32\Wbem;C:\WINDOWS\System32\WindowsPowerShell\v1.0\;C:\Program Files (x86)\NVIDIA Corporation\PhysX\Common;C:\Program Files (x86)\Skype\Phone\;C:\Program Files (x86)\GtkSharp\2.12\bin;C:\WINDOWS\System32\OpenSSH\;C:\Program Files\Microsoft VS Code\bin;C:\Ruby24-x64\bin;C:\Users\ruben\AppData\Roaming\local\bin;C:\Ruby23-x64\bin;D:\Progs\Anaconda3;D:\Progs\Anaconda3\Scripts;D:\Progs\Anaconda3\Library\bin;D:\ProgsW\Docker Toolbox;C:\Program Files (x86)\sbt\bin;C:\Users\ruben\AppData\Local\Microsoft\WindowsApps;D:\ProgsW\HadoopWinUtils\hadoop-winutils-2.7.0\bin;C:\Program Files\Java\jdk1.8.0_91\bin;C:\Users\ruben\AppData\Roaming\npm;D:\Progs\Cabal;D:\Progs\GHC\ghc-7.10.3\bin;D:\Progs\cygwin64\bin;C:\Users\ruben\AppData\Local\atom\bin;C:\Users\ruben\AppData\Local\Microsoft\WindowsApps;C:\Program Files\Heroku\bin;C:\Program Files\Microsoft VS Code\bin;C:\Users\ruben\AppData\Local\Programs\Microsoft VS Code\bin
10 verbose lifecycle teaflo@0.0.1~webpack:dev: CWD: D:\Progs\teaflo
11 silly lifecycle teaflo@0.0.1~webpack:dev: Args: [ '/d /s /c',
11 silly lifecycle   'npx webpack --watch --config webpack.dev.config.js' ]
12 silly lifecycle teaflo@0.0.1~webpack:dev: Returned: code: 3221225786  signal: null
13 info lifecycle teaflo@0.0.1~webpack:dev: Failed to exec webpack:dev script
14 verbose stack Error: teaflo@0.0.1 webpack:dev: `npx webpack --watch --config webpack.dev.config.js`
14 verbose stack Exit status 3221225786
14 verbose stack     at EventEmitter.<anonymous> (D:\Prog\nodejs\node_modules\npm\lib\utils\lifecycle.js:255:16)
14 verbose stack     at emitTwo (events.js:106:13)
14 verbose stack     at EventEmitter.emit (events.js:191:7)
14 verbose stack     at ChildProcess.<anonymous> (D:\Prog\nodejs\node_modules\npm\lib\utils\spawn.js:40:14)
14 verbose stack     at emitTwo (events.js:106:13)
14 verbose stack     at ChildProcess.emit (events.js:191:7)
14 verbose stack     at maybeClose (internal/child_process.js:877:16)
14 verbose stack     at Process.ChildProcess._handle.onexit (internal/child_process.js:226:5)
15 verbose pkgid teaflo@0.0.1
16 verbose cwd D:\Progs\teaflo
17 error Windows_NT 10.0.17134
18 error argv "D:\\Prog\\nodejs\\node.exe" "D:\\Prog\\nodejs\\node_modules\\npm\\bin\\npm-cli.js" "run-script" "webpack:dev"
19 error node v6.9.1
20 error npm  v3.10.8
21 error code ELIFECYCLE
22 error teaflo@0.0.1 webpack:dev: `npx webpack --watch --config webpack.dev.config.js`
22 error Exit status 3221225786
23 error Failed at the teaflo@0.0.1 webpack:dev script 'npx webpack --watch --config webpack.dev.config.js'.
23 error Make sure you have the latest version of node.js and npm installed.
23 error If you do, this is most likely a problem with the teaflo package,
23 error not with npm itself.
23 error Tell the author that this fails on your system:
23 error     npx webpack --watch --config webpack.dev.config.js
23 error You can get information on how to open an issue for this project with:
23 error     npm bugs teaflo
23 error Or if that isn't available, you can get their info via:
23 error     npm owner ls teaflo
23 error There is likely additional logging output above.
24 verbose exit [ 1, true ]
